TN:
SF:src\index.js
FN:11,(anonymous_0)
FNF:1
FNH:1
FNDA:1,(anonymous_0)
DA:5,2
DA:6,2
DA:8,2
DA:9,2
DA:11,2
DA:12,1
LF:6
LH:6
BRF:0
BRH:0
end_of_record
TN:
SF:src\domain\cities\repository\worldCitiesRespository.js
FN:3,(anonymous_0)
FN:7,(anonymous_1)
FN:20,(anonymous_2)
FN:38,(anonymous_3)
FN:40,(anonymous_4)
FNF:5
FNH:5
FNDA:1,(anonymous_0)
FNDA:2,(anonymous_1)
FNDA:46036,(anonymous_2)
FNDA:1,(anonymous_3)
FNDA:23018,(anonymous_4)
DA:3,3
DA:4,1
DA:7,3
DA:8,2
DA:9,0
DA:14,2
DA:15,2
DA:16,0
DA:20,2
DA:21,46036
DA:22,13
DA:26,2
DA:27,1
DA:32,1
DA:38,3
DA:39,1
DA:40,1
DA:41,23018
DA:45,1
DA:48,1
LF:20
LH:18
BRDA:8,0,0,0
BRDA:8,0,1,2
BRDA:15,1,0,0
BRDA:15,1,1,2
BRDA:21,2,0,13
BRDA:21,2,1,46023
BRDA:26,3,0,1
BRDA:26,3,1,1
BRDA:41,4,0,1
BRDA:41,4,1,23017
BRDA:42,5,0,23018
BRDA:42,5,1,1
BRF:12
BRH:10
end_of_record
TN:
SF:src\domain\cities\use_cases\getCities.js
FN:3,(anonymous_0)
FN:8,(anonymous_1)
FN:24,(anonymous_2)
FNF:3
FNH:1
FNDA:0,(anonymous_0)
FNDA:2,(anonymous_1)
FNDA:0,(anonymous_2)
DA:3,2
DA:4,0
DA:5,0
DA:8,2
DA:9,2
DA:11,2
DA:12,1
DA:13,1
DA:16,1
DA:19,1
DA:20,1
DA:21,1
DA:24,2
DA:25,0
DA:26,0
LF:15
LH:11
BRDA:11,0,0,1
BRDA:11,0,1,1
BRF:2
BRH:2
end_of_record
TN:
SF:src\routes\index.js
FNF:0
FNH:0
DA:5,2
DA:7,2
DA:9,2
DA:10,2
DA:11,2
LF:5
LH:5
BRF:0
BRH:0
end_of_record
TN:
SF:src\routes\health\health.js
FN:1,getHealth
FNF:1
FNH:1
FNDA:1,getHealth
DA:2,1
LF:1
LH:1
BRF:0
BRH:0
end_of_record
